#
# There is insufficient memory for the Java Runtime Environment to continue.
# Native memory allocation (malloc) failed to allocate 1330256 bytes for Chunk::new
# Possible reasons:
#   The system is out of physical RAM or swap space
#   The process is running with CompressedOops enabled, and the Java Heap may be blocking the growth of the native heap
# Possible solutions:
#   Reduce memory load on the system
#   Increase physical memory or swap space
#   Check if swap backing store is full
#   Decrease Java heap size (-Xmx/-Xms)
#   Decrease number of Java threads
#   Decrease Java thread stack sizes (-Xss)
#   Set larger code cache with -XX:ReservedCodeCacheSize=
#   JVM is running with Unscaled Compressed Oops mode in which the Java heap is
#     placed in the first 4GB address space. The Java Heap base address is the
#     maximum limit for the native heap growth. Please use -XX:HeapBaseMinAddress
#     to set the Java Heap base and to place the Java Heap above 4GB virtual address.
# This output file may be truncated or incomplete.
#
#  Out of Memory Error (./open/src/hotspot/share/memory/arena.cpp:197), pid=26916, tid=16940
#
# JRE version: Java(TM) SE Runtime Environment 18.9 (11.0.17+10) (build 11.0.17+10-LTS-269)
# Java VM: Java HotSpot(TM) 64-Bit Server VM 18.9 (11.0.17+10-LTS-269, mixed mode, tiered, compressed oops, g1 gc, windows-amd64)
# No core dump will be written. Minidumps are not enabled by default on client versions of Windows
#

---------------  S U M M A R Y ------------

Command Line: -Xmx25m -Xmx27m .\owl2spass\target\owl2spass-0.1-SNAPSHOT-jar-with-dependencies.jar D:\University\Year 3\Thesis\Bachelor Thesis\code\datasets\zfa.zebrafish-anatomy-and-development-ontology.50.owl.xml spass.owl just_based

Host: 11th Gen Intel(R) Core(TM) i7-1165G7 @ 2.80GHz, 8 cores, 15G,  Windows 11 , 64 bit Build 22621 (10.0.22621.3527)
Time: Fri Jun  7 12:06:54 2024 W. Europe Daylight Time elapsed time: 2.108629 seconds (0d 0h 0m 2s)

---------------  T H R E A D  ---------------

Current thread (0x0000024d8333c800):  JavaThread "C2 CompilerThread1" daemon [_thread_in_native, id=16940, stack(0x0000006aa6c00000,0x0000006aa6d00000)]


Current CompileTask:
C2:   2108 2537   !   4       jdk.internal.loader.BuiltinClassLoader::loadClassOrNull (143 bytes)

Stack: [0x0000006aa6c00000,0x0000006aa6d00000]
Native frames: (J=compiled Java code, j=interpreted, Vv=VM code, C=native code)
V  [jvm.dll+0x62b5da]
V  [jvm.dll+0x7653df]
V  [jvm.dll+0x766a89]
V  [jvm.dll+0x767113]
V  [jvm.dll+0x23dd28]
V  [jvm.dll+0xb2a1c]
V  [jvm.dll+0xb2fdc]
V  [jvm.dll+0x2aeaa4]
V  [jvm.dll+0x53e83b]
V  [jvm.dll+0x200b17]
V  [jvm.dll+0x1fa89a]
V  [jvm.dll+0x1f77dd]
V  [jvm.dll+0x177c91]
V  [jvm.dll+0x207296]
V  [jvm.dll+0x20542b]
V  [jvm.dll+0x72b2c0]
V  [jvm.dll+0x723e64]
V  [jvm.dll+0x62a485]
C  [ucrtbase.dll+0x29333]
C  [KERNEL32.DLL+0x1257d]
C  [ntdll.dll+0x5aa48]


---------------  P R O C E S S  ---------------

Threads class SMR info:
_java_thread_list=0x0000024d875c01b0, length=28, elements={
0x0000024de8de2800, 0x0000024d82a84800, 0x0000024d82a8d800, 0x0000024d82af0800,
0x0000024d82af5800, 0x0000024d82a9c000, 0x0000024d82aa8800, 0x0000024d82afc800,
0x0000024d82aa0000, 0x0000024d82a9e800, 0x0000024d82a9d000, 0x0000024d82a9f800,
0x0000024d8333c800, 0x0000024d82a9e000, 0x0000024d82aa1000, 0x0000024d82a9b800,
0x0000024d82aa2000, 0x0000024d83e21000, 0x0000024d83f2e000, 0x0000024d83e24800,
0x0000024d83e1f800, 0x0000024d83e23800, 0x0000024d83e22000, 0x0000024d83e22800,
0x0000024d83e1e800, 0x0000024d83e25000, 0x0000024d83e26000, 0x0000024d83e20000
}

Java Threads: ( => current thread )
  0x0000024de8de2800 JavaThread "main" [_thread_blocked, id=22156, stack(0x0000006aa5900000,0x0000006aa5a00000)]
  0x0000024d82a84800 JavaThread "Reference Handler" daemon [_thread_blocked, id=27072, stack(0x0000006aa6000000,0x0000006aa6100000)]
  0x0000024d82a8d800 JavaThread "Finalizer" daemon [_thread_blocked, id=22400, stack(0x0000006aa6100000,0x0000006aa6200000)]
  0x0000024d82af0800 JavaThread "Signal Dispatcher" daemon [_thread_blocked, id=8044, stack(0x0000006aa6200000,0x0000006aa6300000)]
  0x0000024d82af5800 JavaThread "Attach Listener" daemon [_thread_blocked, id=28424, stack(0x0000006aa6300000,0x0000006aa6400000)]
  0x0000024d82a9c000 JavaThread "Service Thread" daemon [_thread_blocked, id=41716, stack(0x0000006aa6400000,0x0000006aa6500000)]
  0x0000024d82aa8800 JavaThread "C2 CompilerThread0" daemon [_thread_in_native, id=21532, stack(0x0000006aa6500000,0x0000006aa6600000)]
  0x0000024d82afc800 JavaThread "C1 CompilerThread0" daemon [_thread_blocked, id=46928, stack(0x0000006aa6600000,0x0000006aa6700000)]
  0x0000024d82aa0000 JavaThread "Sweeper thread" daemon [_thread_blocked, id=36828, stack(0x0000006aa6700000,0x0000006aa6800000)]
  0x0000024d82a9e800 JavaThread "Common-Cleaner" daemon [_thread_blocked, id=9852, stack(0x0000006aa6900000,0x0000006aa6a00000)]
  0x0000024d82a9d000 JavaThread "ForkJoinPool.commonPool-worker-3" daemon [_thread_blocked, id=30068, stack(0x0000006aa6a00000,0x0000006aa6b00000)]
  0x0000024d82a9f800 JavaThread "ForkJoinPool.commonPool-worker-5" daemon [_thread_blocked, id=37836, stack(0x0000006aa6b00000,0x0000006aa6c00000)]
=>0x0000024d8333c800 JavaThread "C2 CompilerThread1" daemon [_thread_in_native, id=16940, stack(0x0000006aa6c00000,0x0000006aa6d00000)]
  0x0000024d82a9e000 JavaThread "ForkJoinPool.commonPool-worker-7" daemon [_thread_blocked, id=41680, stack(0x0000006aa6e00000,0x0000006aa6f00000)]
  0x0000024d82aa1000 JavaThread "ForkJoinPool.commonPool-worker-9" daemon [_thread_blocked, id=35364, stack(0x0000006aa6f00000,0x0000006aa7000000)]
  0x0000024d82a9b800 JavaThread "ForkJoinPool.commonPool-worker-11" daemon [_thread_blocked, id=35244, stack(0x0000006aa7000000,0x0000006aa7100000)]
  0x0000024d82aa2000 JavaThread "ForkJoinPool.commonPool-worker-13" daemon [_thread_blocked, id=44880, stack(0x0000006aa7100000,0x0000006aa7200000)]
  0x0000024d83e21000 JavaThread "ForkJoinPool.commonPool-worker-15" daemon [_thread_blocked, id=11932, stack(0x0000006aa7200000,0x0000006aa7300000)]
  0x0000024d83f2e000 JavaThread "C2 CompilerThread2" daemon [_thread_in_native, id=21112, stack(0x0000006aa7300000,0x0000006aa7400000)]
  0x0000024d83e24800 JavaThread "elk-reasoner-thread-1" daemon [_thread_in_Java, id=45336, stack(0x0000006aa7500000,0x0000006aa7600000)]
  0x0000024d83e1f800 JavaThread "elk-reasoner-thread-2" daemon [_thread_in_Java, id=19124, stack(0x0000006aa7600000,0x0000006aa7700000)]
  0x0000024d83e23800 JavaThread "elk-reasoner-thread-3" daemon [_thread_blocked, id=8108, stack(0x0000006aa7700000,0x0000006aa7800000)]
  0x0000024d83e22000 JavaThread "elk-reasoner-thread-4" daemon [_thread_in_Java, id=39220, stack(0x0000006aa7800000,0x0000006aa7900000)]
  0x0000024d83e22800 JavaThread "elk-reasoner-thread-5" daemon [_thread_in_Java, id=7508, stack(0x0000006aa7900000,0x0000006aa7a00000)]
  0x0000024d83e1e800 JavaThread "elk-reasoner-thread-6" daemon [_thread_in_Java, id=40792, stack(0x0000006aa7a00000,0x0000006aa7b00000)]
  0x0000024d83e25000 JavaThread "elk-reasoner-thread-7" daemon [_thread_blocked, id=30816, stack(0x0000006aa7b00000,0x0000006aa7c00000)]
  0x0000024d83e26000 JavaThread "elk-reasoner-thread-8" daemon [_thread_in_Java, id=44368, stack(0x0000006aa7c00000,0x0000006aa7d00000)]
  0x0000024d83e20000 JavaThread "elk-timer-thread" daemon [_thread_blocked, id=21716, stack(0x0000006aa7d00000,0x0000006aa7e00000)]

Other Threads:
  0x0000024d82a57000 VMThread "VM Thread" [stack: 0x0000006aa5f00000,0x0000006aa6000000] [id=21860]
  0x0000024d82d8a800 WatcherThread [stack: 0x0000006aa6800000,0x0000006aa6900000] [id=17680]
  0x0000024de8df9000 GCTaskThread "GC Thread#0" [stack: 0x0000006aa5a00000,0x0000006aa5b00000] [id=33020]
  0x0000024d8322f800 GCTaskThread "GC Thread#1" [stack: 0x0000006aa6d00000,0x0000006aa6e00000] [id=17780]
  0x0000024de8e00000 ConcurrentGCThread "G1 Main Marker" [stack: 0x0000006aa5b00000,0x0000006aa5c00000] [id=47976]
  0x0000024de8e02000 ConcurrentGCThread "G1 Conc#0" [stack: 0x0000006aa5c00000,0x0000006aa5d00000] [id=17432]
  0x0000024d83231800 ConcurrentGCThread "G1 Conc#1" [stack: 0x0000006aa7400000,0x0000006aa7500000] [id=20472]
  0x0000024de8e42000 ConcurrentGCThread "G1 Refine#0" [stack: 0x0000006aa5d00000,0x0000006aa5e00000] [id=24944]
  0x0000024de8e43000 ConcurrentGCThread "G1 Young RemSet Sampling" [stack: 0x0000006aa5e00000,0x0000006aa5f00000] [id=12916]

Threads with active compile tasks:
C2 CompilerThread0     2143 2807       4       org.semanticweb.elk.reasoner.saturation.conclusions.classes.AbstractSubClassInclusion::accept (6 bytes)
C2 CompilerThread1     2143 2537   !   4       jdk.internal.loader.BuiltinClassLoader::loadClassOrNull (143 bytes)
C2 CompilerThread2     2143 2704       4       org.semanticweb.elk.reasoner.saturation.conclusions.classes.ContextInitializingClassConclusionInsertionVisitor::defaultVisit (6 bytes)

VM state:not at safepoint (normal execution)

VM Mutex/Monitor currently owned by a thread: None

Heap address: 0x00000000fe400000, size: 28 MB, Compressed Oops mode: 32-bit
Narrow klass base: 0x0000000000000000, Narrow klass shift: 3
Compressed class space size: 1073741824 Address: 0x0000000100000000

Heap:
 garbage-first heap   total 28672K, used 20224K [0x00000000fe400000, 0x0000000100000000)
  region size 1024K, 8 young (8192K), 2 survivors (2048K)
 Metaspace       used 20912K, capacity 21430K, committed 21632K, reserved 1067008K
  class space    used 2944K, capacity 3160K, committed 3200K, reserved 1048576K
Heap Regions: E=young(eden), S=young(survivor), O=old, HS=humongous(starts), HC=humongous(continues), CS=collection set, F=free, A=archive, TAMS=top-at-mark-start (previous, next)
|   0|0x00000000fe400000, 0x00000000fe500000, 0x00000000fe500000|100%| O|  |TAMS 0x00000000fe500000, 0x00000000fe400000| Untracked 
|   1|0x00000000fe500000, 0x00000000fe600000, 0x00000000fe600000|100%| O|  |TAMS 0x00000000fe600000, 0x00000000fe500000| Untracked 
|   2|0x00000000fe600000, 0x00000000fe700000, 0x00000000fe700000|100%|HS|  |TAMS 0x00000000fe700000, 0x00000000fe600000| Complete 
|   3|0x00000000fe700000, 0x00000000fe800000, 0x00000000fe800000|100%|HC|  |TAMS 0x00000000fe800000, 0x00000000fe700000| Complete 
|   4|0x00000000fe800000, 0x00000000fe900000, 0x00000000fe900000|100%| O|  |TAMS 0x00000000fe900000, 0x00000000fe800000| Untracked 
|   5|0x00000000fe900000, 0x00000000fea00000, 0x00000000fea00000|100%| O|  |TAMS 0x00000000fea00000, 0x00000000fe900000| Untracked 
|   6|0x00000000fea00000, 0x00000000feb00000, 0x00000000feb00000|100%| O|  |TAMS 0x00000000feb00000, 0x00000000fea00000| Untracked 
|   7|0x00000000feb00000, 0x00000000fec00000, 0x00000000fec00000|100%| O|  |TAMS 0x00000000fec00000, 0x00000000feb00000| Untracked 
|   8|0x00000000fec00000, 0x00000000fed00000, 0x00000000fed00000|100%| O|  |TAMS 0x00000000fed00000, 0x00000000fec00000| Untracked 
|   9|0x00000000fed00000, 0x00000000fee00000, 0x00000000fee00000|100%| O|  |TAMS 0x00000000fee00000, 0x00000000fed00000| Untracked 
|  10|0x00000000fee00000, 0x00000000fef00000, 0x00000000fef00000|100%| O|  |TAMS 0x00000000fef00000, 0x00000000fee00000| Untracked 
|  11|0x00000000fef00000, 0x00000000ff000000, 0x00000000ff000000|100%| O|  |TAMS 0x00000000ff000000, 0x00000000fef00000| Untracked 
|  12|0x00000000ff000000, 0x00000000ff100000, 0x00000000ff100000|100%| O|  |TAMS 0x00000000ff077200, 0x00000000ff000000| Untracked 
|  13|0x00000000ff100000, 0x00000000ff115400, 0x00000000ff200000|  8%| O|  |TAMS 0x00000000ff100000, 0x00000000ff100000| Untracked 
|  14|0x00000000ff200000, 0x00000000ff200000, 0x00000000ff300000|  0%| F|  |TAMS 0x00000000ff200000, 0x00000000ff200000| Untracked 
|  15|0x00000000ff300000, 0x00000000ff300000, 0x00000000ff400000|  0%| F|  |TAMS 0x00000000ff300000, 0x00000000ff300000| Untracked 
|  16|0x00000000ff400000, 0x00000000ff400000, 0x00000000ff500000|  0%| F|  |TAMS 0x00000000ff400000, 0x00000000ff400000| Untracked 
|  17|0x00000000ff500000, 0x00000000ff500000, 0x00000000ff600000|  0%| F|  |TAMS 0x00000000ff500000, 0x00000000ff500000| Untracked 
|  18|0x00000000ff600000, 0x00000000ff600000, 0x00000000ff700000|  0%| F|  |TAMS 0x00000000ff600000, 0x00000000ff600000| Untracked 
|  19|0x00000000ff700000, 0x00000000ff7aaf78, 0x00000000ff800000| 66%| S|CS|TAMS 0x00000000ff700000, 0x00000000ff700000| Complete 
|  20|0x00000000ff800000, 0x00000000ff900000, 0x00000000ff900000|100%| S|CS|TAMS 0x00000000ff800000, 0x00000000ff800000| Complete 
|  21|0x00000000ff900000, 0x00000000ff900000, 0x00000000ffa00000|  0%| F|  |TAMS 0x00000000ff900000, 0x00000000ff900000| Untracked 
|  22|0x00000000ffa00000, 0x00000000ffad0e48, 0x00000000ffb00000| 81%| E|  |TAMS 0x00000000ffa00000, 0x00000000ffa00000| Complete 
|  23|0x00000000ffb00000, 0x00000000ffc00000, 0x00000000ffc00000|100%| E|CS|TAMS 0x00000000ffb00000, 0x00000000ffb00000| Complete 
|  24|0x00000000ffc00000, 0x00000000ffd00000, 0x00000000ffd00000|100%| E|CS|TAMS 0x00000000ffc00000, 0x00000000ffc00000| Complete 
|  25|0x00000000ffd00000, 0x00000000ffe00000, 0x00000000ffe00000|100%| E|CS|TAMS 0x00000000ffd00000, 0x00000000ffd00000| Complete 
|  26|0x00000000ffe00000, 0x00000000fff00000, 0x00000000fff00000|100%| E|CS|TAMS 0x00000000ffe00000, 0x00000000ffe00000| Complete 
|  27|0x00000000fff00000, 0x0000000100000000, 0x0000000100000000|100%| E|CS|TAMS 0x00000000fff00000, 0x00000000fff00000| Complete 

Card table byte_map: [0x0000024de6d50000,0x0000024de6d60000] _byte_map_base: 0x0000024de655e000

Marking Bits (Prev, Next): (CMBitMap*) 0x0000024de8dfee08, (CMBitMap*) 0x0000024de8dfee40
 Prev Bits: [0x0000024de6d70000, 0x0000024de6de0000)
 Next Bits: [0x0000024de8cc0000, 0x0000024de8d30000)

Polling page: 0x0000024de6d10000

Metaspace:

Usage:
  Non-class:     17.84 MB capacity,    17.55 MB ( 98%) used,   248.13 KB (  1%) free+waste,    53.25 KB ( <1%) overhead. 
      Class:      3.09 MB capacity,     2.88 MB ( 93%) used,   186.26 KB (  6%) free+waste,    29.69 KB ( <1%) overhead. 
       Both:     20.93 MB capacity,    20.42 MB ( 98%) used,   434.39 KB (  2%) free+waste,    82.94 KB ( <1%) overhead. 

Virtual space:
  Non-class space:       18.00 MB reserved,      18.00 MB (100%) committed 
      Class space:        1.00 GB reserved,       3.13 MB ( <1%) committed 
             Both:        1.02 GB reserved,      21.13 MB (  2%) committed 

Chunk freelists:
   Non-Class:  4.25 KB
       Class:  1.00 KB
        Both:  5.25 KB

CodeHeap 'non-profiled nmethods': size=120000Kb used=1201Kb max_used=1201Kb free=118798Kb
 bounds [0x0000024df7f50000, 0x0000024df81c0000, 0x0000024dff480000]
CodeHeap 'profiled nmethods': size=120000Kb used=5257Kb max_used=5257Kb free=114742Kb
 bounds [0x0000024df0a20000, 0x0000024df0f50000, 0x0000024df7f50000]
CodeHeap 'non-nmethods': size=5760Kb used=1122Kb max_used=1179Kb free=4637Kb
 bounds [0x0000024df0480000, 0x0000024df06f0000, 0x0000024df0a20000]
 total_blobs=3400 nmethods=2976 adapters=335
 compilation: enabled
              stopped_count=0, restarted_count=0
 full_count=0

Compilation events (10 events):
Event: 2.105 Thread 0x0000024d82afc800 nmethod 2940 0x0000024df0f2a710 code [0x0000024df0f2a8a0, 0x0000024df0f2a9c8]
Event: 2.105 Thread 0x0000024d82afc800 2941       2       org.semanticweb.elk.reasoner.saturation.AbstractSaturationState$ContextModifyingWriter::markAsNotSaturated (34 bytes)
Event: 2.105 Thread 0x0000024d82afc800 nmethod 2941 0x0000024df0f2aa90 code [0x0000024df0f2ac40, 0x0000024df0f2af98]
Event: 2.105 Thread 0x0000024d82afc800 2984       2       org.semanticweb.elk.reasoner.saturation.conclusions.classes.ComposedClassConclusionVisitor::visit (48 bytes)
Event: 2.105 Thread 0x0000024d82afc800 nmethod 2984 0x0000024df0f2b110 code [0x0000024df0f2b2c0, 0x0000024df0f2b4e8]
Event: 2.105 Thread 0x0000024d82afc800 2976       2       org.semanticweb.elk.reasoner.saturation.SubContextImpl$SubConclusionInserter::visit (6 bytes)
Event: 2.106 Thread 0x0000024d82afc800 nmethod 2976 0x0000024df0f2b610 code [0x0000024df0f2b7a0, 0x0000024df0f2b8d8]
Event: 2.106 Thread 0x0000024d82afc800 2977       2       org.semanticweb.elk.reasoner.saturation.SubContextImpl$SubConclusionInserter::visit (29 bytes)
Event: 2.106 Thread 0x0000024d82afc800 nmethod 2977 0x0000024df0f2ba10 code [0x0000024df0f2bba0, 0x0000024df0f2bcd8]
Event: 2.106 Thread 0x0000024d82afc800 2978       2       org.semanticweb.elk.reasoner.saturation.inferences.AbstractSubClassInference::accept (6 bytes)

GC Heap History (10 events):
Event: 1.798 GC heap before
{Heap before GC invocations=8 (full 0):
 garbage-first heap   total 28672K, used 20622K [0x00000000fe400000, 0x0000000100000000)
  region size 1024K, 10 young (10240K), 2 survivors (2048K)
 Metaspace       used 20128K, capacity 20598K, committed 20736K, reserved 1067008K
  class space    used 2802K, capacity 3032K, committed 3072K, reserved 1048576K
}
Event: 1.802 GC heap after
{Heap after GC invocations=9 (full 0):
 garbage-first heap   total 28672K, used 12939K [0x00000000fe400000, 0x0000000100000000)
  region size 1024K, 2 young (2048K), 2 survivors (2048K)
 Metaspace       used 20128K, capacity 20598K, committed 20736K, reserved 1067008K
  class space    used 2802K, capacity 3032K, committed 3072K, reserved 1048576K
}
Event: 1.827 GC heap before
{Heap before GC invocations=9 (full 0):
 garbage-first heap   total 28672K, used 21131K [0x00000000fe400000, 0x0000000100000000)
  region size 1024K, 10 young (10240K), 2 survivors (2048K)
 Metaspace       used 20130K, capacity 20598K, committed 20736K, reserved 1067008K
  class space    used 2802K, capacity 3032K, committed 3072K, reserved 1048576K
}
Event: 1.831 GC heap after
{Heap after GC invocations=10 (full 0):
 garbage-first heap   total 28672K, used 13309K [0x00000000fe400000, 0x0000000100000000)
  region size 1024K, 1 young (1024K), 1 survivors (1024K)
 Metaspace       used 20130K, capacity 20598K, committed 20736K, reserved 1067008K
  class space    used 2802K, capacity 3032K, committed 3072K, reserved 1048576K
}
Event: 1.866 GC heap before
{Heap before GC invocations=10 (full 0):
 garbage-first heap   total 28672K, used 21501K [0x00000000fe400000, 0x0000000100000000)
  region size 1024K, 9 young (9216K), 1 survivors (1024K)
 Metaspace       used 20130K, capacity 20598K, committed 20736K, reserved 1067008K
  class space    used 2802K, capacity 3032K, committed 3072K, reserved 1048576K
}
Event: 1.869 GC heap after
{Heap after GC invocations=11 (full 0):
 garbage-first heap   total 28672K, used 13642K [0x00000000fe400000, 0x0000000100000000)
  region size 1024K, 2 young (2048K), 2 survivors (2048K)
 Metaspace       used 20130K, capacity 20598K, committed 20736K, reserved 1067008K
  class space    used 2802K, capacity 3032K, committed 3072K, reserved 1048576K
}
Event: 1.936 GC heap before
{Heap before GC invocations=12 (full 0):
 garbage-first heap   total 28672K, used 20810K [0x00000000fe400000, 0x0000000100000000)
  region size 1024K, 9 young (9216K), 2 survivors (2048K)
 Metaspace       used 20324K, capacity 20790K, committed 21120K, reserved 1067008K
  class space    used 2880K, capacity 3096K, committed 3200K, reserved 1048576K
}
Event: 1.939 GC heap after
{Heap after GC invocations=13 (full 0):
 garbage-first heap   total 28672K, used 13742K [0x00000000fe400000, 0x0000000100000000)
  region size 1024K, 1 young (1024K), 1 survivors (1024K)
 Metaspace       used 20324K, capacity 20790K, committed 21120K, reserved 1067008K
  class space    used 2880K, capacity 3096K, committed 3200K, reserved 1048576K
}
Event: 2.045 GC heap before
{Heap before GC invocations=13 (full 0):
 garbage-first heap   total 28672K, used 21934K [0x00000000fe400000, 0x0000000100000000)
  region size 1024K, 9 young (9216K), 1 survivors (1024K)
 Metaspace       used 20832K, capacity 21366K, committed 21632K, reserved 1067008K
  class space    used 2944K, capacity 3160K, committed 3200K, reserved 1048576K
}
Event: 2.050 GC heap after
{Heap after GC invocations=14 (full 0):
 garbage-first heap   total 28672K, used 14350K [0x00000000fe400000, 0x0000000100000000)
  region size 1024K, 2 young (2048K), 2 survivors (2048K)
 Metaspace       used 20832K, capacity 21366K, committed 21632K, reserved 1067008K
  class space    used 2944K, capacity 3160K, committed 3200K, reserved 1048576K
}

Deoptimization events (10 events):
Event: 1.498 Thread 0x0000024de8de2800 Uncommon trap: reason=bimorphic_or_optimized_type_check action=maybe_recompile pc=0x0000024df7fc3e6c method=java.util.concurrent.ConcurrentHashMap.replaceNode(Ljava/lang/Object;Ljava/lang/Object;Ljava/lang/Object;)Ljava/lang/Object; @ 1 c2
Event: 1.514 Thread 0x0000024de8de2800 Uncommon trap: reason=bimorphic_or_optimized_type_check action=maybe_recompile pc=0x0000024df7fc3e6c method=java.util.concurrent.ConcurrentHashMap.replaceNode(Ljava/lang/Object;Ljava/lang/Object;Ljava/lang/Object;)Ljava/lang/Object; @ 1 c2
Event: 1.636 Thread 0x0000024de8de2800 Uncommon trap: reason=bimorphic_or_optimized_type_check action=maybe_recompile pc=0x0000024df7f8ce88 method=java.util.HashMap.getNode(ILjava/lang/Object;)Ljava/util/HashMap$Node; @ 126 c2
Event: 1.698 Thread 0x0000024de8de2800 Uncommon trap: reason=bimorphic_or_optimized_type_check action=maybe_recompile pc=0x0000024df7fbb71c method=java.util.HashMap.putVal(ILjava/lang/Object;Ljava/lang/Object;ZZ)Ljava/lang/Object; @ 203 c2
Event: 1.698 Thread 0x0000024de8de2800 Uncommon trap: reason=bimorphic_or_optimized_type_check action=maybe_recompile pc=0x0000024df7fbb71c method=java.util.HashMap.putVal(ILjava/lang/Object;Ljava/lang/Object;ZZ)Ljava/lang/Object; @ 203 c2
Event: 1.698 Thread 0x0000024de8de2800 Uncommon trap: reason=bimorphic_or_optimized_type_check action=maybe_recompile pc=0x0000024df7fbb71c method=java.util.HashMap.putVal(ILjava/lang/Object;Ljava/lang/Object;ZZ)Ljava/lang/Object; @ 203 c2
Event: 1.698 Thread 0x0000024de8de2800 Uncommon trap: reason=bimorphic_or_optimized_type_check action=maybe_recompile pc=0x0000024df7fbb71c method=java.util.HashMap.putVal(ILjava/lang/Object;Ljava/lang/Object;ZZ)Ljava/lang/Object; @ 203 c2
Event: 2.062 Thread 0x0000024d83e22800 Uncommon trap: reason=unstable_if action=reinterpret pc=0x0000024df8061b7c method=java.util.concurrent.ConcurrentHashMap.addCount(JI)V @ 269 c2
Event: 2.077 Thread 0x0000024d83e25000 Uncommon trap: reason=unstable_if action=reinterpret pc=0x0000024df7f83bc4 method=java.util.concurrent.ConcurrentHashMap.get(Ljava/lang/Object;)Ljava/lang/Object; @ 86 c2
Event: 2.082 Thread 0x0000024d83e1e800 Uncommon trap: reason=unstable_if action=reinterpret pc=0x0000024df7fc7664 method=java.util.concurrent.ConcurrentHashMap.addCount(JI)V @ 168 c2

Classes redefined (0 events):
No events

Internal exceptions (10 events):
Event: 0.799 Thread 0x0000024de8de2800 Exception <a 'java/lang/IncompatibleClassChangeError'{0x00000000ff9c7970}: Found class java.lang.Object, but interface was expected> (0x00000000ff9c7970) thrown at [./open/src/hotspot/share/interpreter/linkResolver.cpp, line 838]
Event: 0.799 Thread 0x0000024de8de2800 Exception <a 'java/lang/IncompatibleClassChangeError'{0x00000000ff9d0df0}: Found class java.lang.Object, but interface was expected> (0x00000000ff9d0df0) thrown at [./open/src/hotspot/share/interpreter/linkResolver.cpp, line 838]
Event: 0.800 Thread 0x0000024de8de2800 Exception <a 'java/lang/IncompatibleClassChangeError'{0x00000000ff9dc938}: Found class java.lang.Object, but interface was expected> (0x00000000ff9dc938) thrown at [./open/src/hotspot/share/interpreter/linkResolver.cpp, line 838]
Event: 1.412 Thread 0x0000024de8de2800 Exception <a 'java/lang/NoSuchMethodError'{0x00000000ff9140f0}: java.lang.invoke.DirectMethodHandle$Holder.invokeSpecial(Ljava/lang/Object;Ljava/lang/Object;Ljava/lang/Object;Ljava/lang/Object;Ljava/lang/Object;)V> (0x00000000ff9140f0) thrown at [./open/s
Event: 1.436 Thread 0x0000024de8de2800 Exception <a 'java/lang/NoSuchMethodError'{0x00000000ff960160}: java.lang.invoke.DirectMethodHandle$Holder.invokeVirtual(Ljava/lang/Object;Ljava/lang/Object;Ljava/lang/Object;Ljava/lang/Object;)V> (0x00000000ff960160) thrown at [./open/src/hotspot/share/i
Event: 1.440 Thread 0x0000024de8de2800 Exception <a 'java/lang/IncompatibleClassChangeError'{0x00000000ff96de30}: Found class java.lang.Object, but interface was expected> (0x00000000ff96de30) thrown at [./open/src/hotspot/share/interpreter/linkResolver.cpp, line 838]
Event: 1.461 Thread 0x0000024de8de2800 Exception <a 'java/lang/NoSuchMethodError'{0x00000000ff875e70}: java.lang.invoke.DirectMethodHandle$Holder.invokeVirtual(Ljava/lang/Object;Ljava/lang/Object;)V> (0x00000000ff875e70) thrown at [./open/src/hotspot/share/interpreter/linkResolver.cpp, line 77
Event: 1.490 Thread 0x0000024de8de2800 Exception <a 'java/lang/IncompatibleClassChangeError'{0x00000000ff78d6b8}: Found class java.lang.Object, but interface was expected> (0x00000000ff78d6b8) thrown at [./open/src/hotspot/share/interpreter/linkResolver.cpp, line 838]
Event: 1.532 Thread 0x0000024de8de2800 Exception <a 'java/lang/NoClassDefFoundError'{0x00000000ffebcef8}: org/slf4j/impl/StaticMarkerBinder> (0x00000000ffebcef8) thrown at [./open/src/hotspot/share/classfile/systemDictionary.cpp, line 215]
Event: 1.694 Thread 0x0000024de8de2800 Exception <a 'java/lang/IncompatibleClassChangeError'{0x00000000ffb9f5b8}: Found class java.lang.Object, but interface was expected> (0x00000000ffb9f5b8) thrown at [./open/src/hotspot/share/interpreter/linkResolver.cpp, line 838]

Events (10 events):
Event: 2.078 Executing VM operation: RevokeBias done
Event: 2.079 Executing VM operation: RevokeBias
Event: 2.079 Executing VM operation: RevokeBias done
Event: 2.081 Thread 0x0000024d83e22800 DEOPT PACKING pc=0x0000024df0f0dfb1 sp=0x0000006aa79fecf0
Event: 2.081 Thread 0x0000024d83e22800 DEOPT UNPACKING pc=0x0000024df04a7c0e sp=0x0000006aa79fe150 mode 0
Event: 2.082 Thread 0x0000024d83e1e800 Uncommon trap: trap_request=0xffffff4d fr.pc=0x0000024df7fc7664 relative=0x0000000000000284
Event: 2.082 Thread 0x0000024d83e1e800 DEOPT PACKING pc=0x0000024df7fc7664 sp=0x0000006aa7afe960
Event: 2.083 Thread 0x0000024d83e1e800 DEOPT UNPACKING pc=0x0000024df04883af sp=0x0000006aa7afe8b0 mode 2
Event: 2.083 Executing VM operation: CGC_Operation
Event: 2.083 Executing VM operation: CGC_Operation done


Dynamic libraries:
0x00007ff7a7c20000 - 0x00007ff7a7c2f000 	C:\Program Files\Java\jdk-11.0.17\bin\java.exe
0x00007ffdb00d0000 - 0x00007ffdb02e7000 	C:\WINDOWS\SYSTEM32\ntdll.dll
0x00007ffdae8f0000 - 0x00007ffdae9b4000 	C:\WINDOWS\System32\KERNEL32.DLL
0x00007ffdad770000 - 0x00007ffdadb17000 	C:\WINDOWS\System32\KERNELBASE.dll
0x000000005fa00000 - 0x000000005fd32000 	C:\Program Files\Norton Security\NortonData\22.23.3.8\Definitions\IPSDefs\20240606.064\IPSEng64.dll
0x00007ffdae9c0000 - 0x00007ffdaea72000 	C:\WINDOWS\System32\ADVAPI32.dll
0x00007ffdae000000 - 0x00007ffdae0a7000 	C:\WINDOWS\System32\msvcrt.dll
0x00007ffdafa90000 - 0x00007ffdafb38000 	C:\WINDOWS\System32\sechost.dll
0x00007ffdadc10000 - 0x00007ffdadc38000 	C:\WINDOWS\System32\bcrypt.dll
0x00007ffdade00000 - 0x00007ffdadf15000 	C:\WINDOWS\System32\RPCRT4.dll
0x00007ffdae340000 - 0x00007ffdae348000 	C:\WINDOWS\System32\PSAPI.DLL
0x00007ffdad650000 - 0x00007ffdad761000 	C:\WINDOWS\System32\ucrtbase.dll
0x00007ffd5f690000 - 0x00007ffd5f6a5000 	C:\Program Files\Java\jdk-11.0.17\bin\VCRUNTIME140.dll
0x00007ffd64310000 - 0x00007ffd64328000 	C:\Program Files\Java\jdk-11.0.17\bin\jli.dll
0x00007ffdaeb10000 - 0x00007ffdaecbe000 	C:\WINDOWS\System32\USER32.dll
0x00007ffdadbe0000 - 0x00007ffdadc06000 	C:\WINDOWS\System32\win32u.dll
0x00007ffdae140000 - 0x00007ffdae169000 	C:\WINDOWS\System32\GDI32.dll
0x00007ffd92b30000 - 0x00007ffd92dc3000 	C:\WINDOWS\WinSxS\amd64_microsoft.windows.common-controls_6595b64144ccf1df_6.0.22621.3527_none_270e469b73872a76\COMCTL32.dll
0x00007ffdadce0000 - 0x00007ffdaddf9000 	C:\WINDOWS\System32\gdi32full.dll
0x00007ffdadc40000 - 0x00007ffdadcda000 	C:\WINDOWS\System32\msvcp_win.dll
0x00007ffd9b980000 - 0x00007ffd9b98a000 	C:\WINDOWS\SYSTEM32\VERSION.dll
0x00007ffdae170000 - 0x00007ffdae1a1000 	C:\WINDOWS\System32\IMM32.DLL
0x00007ffd55160000 - 0x00007ffd551fb000 	C:\Program Files\Java\jdk-11.0.17\bin\msvcp140.dll
0x00007ffd25230000 - 0x00007ffd25d4a000 	C:\Program Files\Java\jdk-11.0.17\bin\server\jvm.dll
0x00007ffd94270000 - 0x00007ffd942a4000 	C:\WINDOWS\SYSTEM32\WINMM.dll
0x00007ffd88cc0000 - 0x00007ffd88cc9000 	C:\WINDOWS\SYSTEM32\WSOCK32.dll
0x00007ffdaea80000 - 0x00007ffdaeaf1000 	C:\WINDOWS\System32\WS2_32.dll
0x00007ffdac3e0000 - 0x00007ffdac3f8000 	C:\WINDOWS\SYSTEM32\kernel.appcore.dll
0x00007ffd78ed0000 - 0x00007ffd78ee0000 	C:\Program Files\Java\jdk-11.0.17\bin\verify.dll
0x00007ffdaaa50000 - 0x00007ffdaac82000 	C:\WINDOWS\SYSTEM32\DBGHELP.DLL
0x00007ffdafd00000 - 0x00007ffdb0088000 	C:\WINDOWS\System32\combase.dll
0x00007ffdadf20000 - 0x00007ffdadff7000 	C:\WINDOWS\System32\OLEAUT32.dll
0x00007ffd9b2e0000 - 0x00007ffd9b312000 	C:\WINDOWS\SYSTEM32\dbgcore.DLL
0x00007ffdad560000 - 0x00007ffdad5d9000 	C:\WINDOWS\System32\bcryptPrimitives.dll
0x00007ffd55240000 - 0x00007ffd55268000 	C:\Program Files\Java\jdk-11.0.17\bin\java.dll
0x00007ffd74390000 - 0x00007ffd7439a000 	C:\Program Files\Java\jdk-11.0.17\bin\jimage.dll
0x00007ffd5f610000 - 0x00007ffd5f626000 	C:\Program Files\Java\jdk-11.0.17\bin\zip.dll
0x00007ffdaef70000 - 0x00007ffdaf7cc000 	C:\WINDOWS\System32\SHELL32.dll
0x00007ffdab2e0000 - 0x00007ffdabbd6000 	C:\WINDOWS\SYSTEM32\windows.storage.dll
0x00007ffdab1a0000 - 0x00007ffdab2de000 	C:\WINDOWS\SYSTEM32\wintypes.dll
0x00007ffdae350000 - 0x00007ffdae445000 	C:\WINDOWS\System32\SHCORE.dll
0x00007ffdafa30000 - 0x00007ffdafa8e000 	C:\WINDOWS\System32\shlwapi.dll
0x00007ffdad320000 - 0x00007ffdad341000 	C:\WINDOWS\SYSTEM32\profapi.dll
0x00007ffd5eb50000 - 0x00007ffd5eb69000 	C:\Program Files\Java\jdk-11.0.17\bin\net.dll
0x00007ffda67f0000 - 0x00007ffda6926000 	C:\WINDOWS\SYSTEM32\WINHTTP.dll
0x00007ffdac860000 - 0x00007ffdac8c9000 	C:\WINDOWS\system32\mswsock.dll
0x00007ffd55220000 - 0x00007ffd55232000 	C:\Program Files\Java\jdk-11.0.17\bin\nio.dll

dbghelp: loaded successfully - version: 4.0.5 - missing functions: none
symbol engine: initialized successfully - sym options: 0x614 - pdb path: .;C:\Program Files\Java\jdk-11.0.17\bin;C:\WINDOWS\SYSTEM32;C:\Program Files\Norton Security\NortonData\22.23.3.8\Definitions\IPSDefs\20240606.064;C:\WINDOWS\WinSxS\amd64_microsoft.windows.common-controls_6595b64144ccf1df_6.0.22621.3527_none_270e469b73872a76;C:\Program Files\Java\jdk-11.0.17\bin\server

VM Arguments:
jvm_args: -Xmx25m -Xmx27m 
java_command: .\owl2spass\target\owl2spass-0.1-SNAPSHOT-jar-with-dependencies.jar D:\University\Year 3\Thesis\Bachelor Thesis\code\datasets\zfa.zebrafish-anatomy-and-development-ontology.50.owl.xml spass.owl just_based
java_class_path (initial): .\owl2spass\target\owl2spass-0.1-SNAPSHOT-jar-with-dependencies.jar
Launcher Type: SUN_STANDARD

[Global flags]
     intx CICompilerCount                          = 4                                         {product} {ergonomic}
     uint ConcGCThreads                            = 2                                         {product} {ergonomic}
     uint G1ConcRefinementThreads                  = 8                                         {product} {ergonomic}
   size_t G1HeapRegionSize                         = 1048576                                   {product} {ergonomic}
    uintx GCDrainStackTargetSize                   = 64                                        {product} {ergonomic}
   size_t InitialHeapSize                          = 29360128                                  {product} {ergonomic}
   size_t MarkStackSize                            = 4194304                                   {product} {ergonomic}
   size_t MaxHeapSize                              = 29360128                                  {product} {command line, ergonomic}
   size_t MaxNewSize                               = 16777216                                  {product} {ergonomic}
   size_t MinHeapDeltaBytes                        = 1048576                                   {product} {ergonomic}
    uintx NonNMethodCodeHeapSize                   = 5836300                                {pd product} {ergonomic}
    uintx NonProfiledCodeHeapSize                  = 122910970                              {pd product} {ergonomic}
    uintx ProfiledCodeHeapSize                     = 122910970                              {pd product} {ergonomic}
    uintx ReservedCodeCacheSize                    = 251658240                              {pd product} {ergonomic}
     bool SegmentedCodeCache                       = true                                      {product} {ergonomic}
     bool UseCompressedClassPointers               = true                                 {lp64_product} {ergonomic}
     bool UseCompressedOops                        = true                                 {lp64_product} {ergonomic}
     bool UseG1GC                                  = true                                      {product} {ergonomic}
     bool UseLargePagesIndividualAllocation        = false                                  {pd product} {ergonomic}

Logging:
Log output configuration:
 #0: stdout all=warning uptime,level,tags
 #1: stderr all=off uptime,level,tags

Environment Variables:
JAVA_HOME=C:\Users\Hari\Downloads\jdk-11.0.21
PATH=C:\Users\Hari\AppData\Roaming\Python\Python37\site-packages\pywin32_system32;C:\Program Files\Common Files\Oracle\Java\javapath;C:\Users\Hari\PycharmProjects\pythonProject\venv\Scripts\python.exe;C:\TDM-GCC-64\bin;C:\Program Files (x86)\Git\cmd;C:\Program Files\Git LFS;C:\Program Files\Pandoc\;C:\Program Files (x86)\Pandoc\;C:\WINDOWS\system32;C:\WINDOWS;C:\WINDOWS\System32\Wbem;C:\WINDOWS\System32\WindowsPowerShell\v1.0\;C:\WINDOWS\System32\OpenSSH\;C:\Program Files\HP\HP One Agent;C:\Users\Hari\Downloads\apache-maven-3.9.6\bin;C:\Program Files\Git\cmd;C:\Users\Hari\AppData\Local\Programs\Python\Python36\Scripts\;C:\Users\Hari\AppData\Local\Programs\Python\Python36\;C:\Users\Hari\AppData\Local\Programs\Python\Python37\Scripts\;C:\Users\Hari\AppData\Local\Programs\Python\Python37\;C:\Users\Hari\AppData\Local\Programs\Microsoft VS Code\bin;C:\MinGW\bin;C:\Program Files\JetBrains\PyCharm Community Edition 2022.3.2\bin;;C:\ProgramData\Hari\GitHubDesktop\bin;C:\Users\Hari\AppData\Local\Microsoft\WindowsApps;C:\Users\Hari\AppData\Local\GitHubDesktop\bin
USERNAME=Hari
OS=Windows_NT
PROCESSOR_IDENTIFIER=Intel64 Family 6 Model 140 Stepping 1, GenuineIntel



---------------  S Y S T E M  ---------------

OS: Windows 11 , 64 bit Build 22621 (10.0.22621.3527)
Hyper-V role detected

CPU:total 8 (initial active 8) (4 cores per cpu, 2 threads per core) family 6 model 140 stepping 1 microcode 0xa4, cmov, cx8, fxsr, mmx, sse, sse2, sse3, ssse3, sse4.1, sse4.2, popcnt, avx, avx2, aes, clmul, erms, 3dnowpref, lzcnt, ht, tsc, tscinvbit, bmi1, bmi2, adx, evex, sha, fma

Memory: 4k page, system-wide physical 16145M (558M free)
TotalPageFile size 40145M (AvailPageFile size 13M)
current process WorkingSet (physical memory assigned to process): 150M, peak: 150M
current process commit charge ("private bytes"): 189M, peak: 194M

vm_info: Java HotSpot(TM) 64-Bit Server VM (11.0.17+10-LTS-269) for windows-amd64 JRE (11.0.17+10-LTS-269), built on Sep 13 2022 19:26:37 by "mach5one" with MS VC++ 15.9 (VS2017)

END.
