#
# There is insufficient memory for the Java Runtime Environment to continue.
# Native memory allocation (malloc) failed to allocate 364816 bytes for Chunk::new
# Possible reasons:
#   The system is out of physical RAM or swap space
#   The process is running with CompressedOops enabled, and the Java Heap may be blocking the growth of the native heap
# Possible solutions:
#   Reduce memory load on the system
#   Increase physical memory or swap space
#   Check if swap backing store is full
#   Decrease Java heap size (-Xmx/-Xms)
#   Decrease number of Java threads
#   Decrease Java thread stack sizes (-Xss)
#   Set larger code cache with -XX:ReservedCodeCacheSize=
#   JVM is running with Unscaled Compressed Oops mode in which the Java heap is
#     placed in the first 4GB address space. The Java Heap base address is the
#     maximum limit for the native heap growth. Please use -XX:HeapBaseMinAddress
#     to set the Java Heap base and to place the Java Heap above 4GB virtual address.
# This output file may be truncated or incomplete.
#
#  Out of Memory Error (./open/src/hotspot/share/memory/arena.cpp:197), pid=24524, tid=35360
#
# JRE version: Java(TM) SE Runtime Environment 18.9 (11.0.17+10) (build 11.0.17+10-LTS-269)
# Java VM: Java HotSpot(TM) 64-Bit Server VM 18.9 (11.0.17+10-LTS-269, mixed mode, tiered, compressed oops, g1 gc, windows-amd64)
# No core dump will be written. Minidumps are not enabled by default on client versions of Windows
#

---------------  S U M M A R Y ------------

Command Line: -Xmx25m -Xmx27m .\owl2spass\target\owl2spass-0.1-SNAPSHOT-jar-with-dependencies.jar D:\University\Year 3\Thesis\Bachelor Thesis\code\datasets\xao.xenopus-anatomy-and-development-ontology.24.owl.xml spass.owl just_based

Host: 11th Gen Intel(R) Core(TM) i7-1165G7 @ 2.80GHz, 8 cores, 15G,  Windows 11 , 64 bit Build 22621 (10.0.22621.3527)
Time: Fri Jun  7 15:11:49 2024 W. Europe Daylight Time elapsed time: 1.190039 seconds (0d 0h 0m 1s)

---------------  T H R E A D  ---------------

Current thread (0x000001f97cd31800):  JavaThread "C2 CompilerThread0" daemon [_thread_in_native, id=35360, stack(0x000000281a000000,0x000000281a100000)]


Current CompileTask:
C2:   1190  830       4       jdk.internal.org.objectweb.asm.Item::set (219 bytes)

Stack: [0x000000281a000000,0x000000281a100000]
Native frames: (J=compiled Java code, j=interpreted, Vv=VM code, C=native code)
V  [jvm.dll+0x62b5da]
V  [jvm.dll+0x7653df]
V  [jvm.dll+0x766a89]
V  [jvm.dll+0x767113]
V  [jvm.dll+0x23dd28]
V  [jvm.dll+0xb2a1c]
V  [jvm.dll+0xb2fdc]
V  [jvm.dll+0x2aeaa4]
V  [jvm.dll+0x53e83b]
V  [jvm.dll+0x200b17]
V  [jvm.dll+0x1fa89a]
V  [jvm.dll+0x1f77dd]
V  [jvm.dll+0x177c91]
V  [jvm.dll+0x207296]
V  [jvm.dll+0x20542b]
V  [jvm.dll+0x72b2c0]
V  [jvm.dll+0x723e64]
V  [jvm.dll+0x62a485]
C  [ucrtbase.dll+0x29333]
C  [KERNEL32.DLL+0x1257d]
C  [ntdll.dll+0x5aa48]


---------------  P R O C E S S  ---------------

Threads class SMR info:
_java_thread_list=0x000001f97dce5250, length=13, elements={
0x000001f972883800, 0x000001f97ccc9800, 0x000001f97ccd3800, 0x000001f97cce5000,
0x000001f97cce9800, 0x000001f97ccec800, 0x000001f97cd31800, 0x000001f97cd39800,
0x000001f97cd3a800, 0x000001f97d807000, 0x000001f97dccb800, 0x000001f97dcc4000,
0x000001f97d8e0800
}

Java Threads: ( => current thread )
  0x000001f972883800 JavaThread "main" [_thread_in_vm, id=39200, stack(0x0000002819400000,0x0000002819500000)]
  0x000001f97ccc9800 JavaThread "Reference Handler" daemon [_thread_blocked, id=13480, stack(0x0000002819b00000,0x0000002819c00000)]
  0x000001f97ccd3800 JavaThread "Finalizer" daemon [_thread_blocked, id=22264, stack(0x0000002819c00000,0x0000002819d00000)]
  0x000001f97cce5000 JavaThread "Signal Dispatcher" daemon [_thread_blocked, id=32592, stack(0x0000002819d00000,0x0000002819e00000)]
  0x000001f97cce9800 JavaThread "Attach Listener" daemon [_thread_blocked, id=17472, stack(0x0000002819e00000,0x0000002819f00000)]
  0x000001f97ccec800 JavaThread "Service Thread" daemon [_thread_blocked, id=22044, stack(0x0000002819f00000,0x000000281a000000)]
=>0x000001f97cd31800 JavaThread "C2 CompilerThread0" daemon [_thread_in_native, id=35360, stack(0x000000281a000000,0x000000281a100000)]
  0x000001f97cd39800 JavaThread "C1 CompilerThread0" daemon [_thread_blocked, id=1496, stack(0x000000281a100000,0x000000281a200000)]
  0x000001f97cd3a800 JavaThread "Sweeper thread" daemon [_thread_blocked, id=23528, stack(0x000000281a200000,0x000000281a300000)]
  0x000001f97d807000 JavaThread "Common-Cleaner" daemon [_thread_blocked, id=43712, stack(0x000000281a400000,0x000000281a500000)]
  0x000001f97dccb800 JavaThread "ForkJoinPool.commonPool-worker-3" daemon [_thread_blocked, id=39832, stack(0x000000281a500000,0x000000281a600000)]
  0x000001f97dcc4000 JavaThread "ForkJoinPool.commonPool-worker-5" daemon [_thread_blocked, id=14148, stack(0x000000281a600000,0x000000281a700000)]
  0x000001f97d8e0800 JavaThread "C2 CompilerThread1" daemon [_thread_in_native, id=29120, stack(0x000000281a800000,0x000000281a900000)]

Other Threads:
  0x000001f97cca1800 VMThread "VM Thread" [stack: 0x0000002819a00000,0x0000002819b00000] [id=14360]
  0x000001f97d814000 WatcherThread [stack: 0x000000281a300000,0x000000281a400000] [id=31712]
  0x000001f972899800 GCTaskThread "GC Thread#0" [stack: 0x0000002819500000,0x0000002819600000] [id=3620]
  0x000001f97dd12800 GCTaskThread "GC Thread#1" [stack: 0x000000281a700000,0x000000281a800000] [id=46272]
  0x000001f97289e800 ConcurrentGCThread "G1 Main Marker" [stack: 0x0000002819600000,0x0000002819700000] [id=46872]
  0x000001f9728a2800 ConcurrentGCThread "G1 Conc#0" [stack: 0x0000002819700000,0x0000002819800000] [id=10076]
  0x000001f9728e2800 ConcurrentGCThread "G1 Refine#0" [stack: 0x0000002819800000,0x0000002819900000] [id=12556]
  0x000001f9728e3800 ConcurrentGCThread "G1 Young RemSet Sampling" [stack: 0x0000002819900000,0x0000002819a00000] [id=34308]

Threads with active compile tasks:
C2 CompilerThread0     1243  830       4       jdk.internal.org.objectweb.asm.Item::set (219 bytes)
C2 CompilerThread1     1243  921       4       java.util.HashMap::get (23 bytes)

VM state:not at safepoint (normal execution)

VM Mutex/Monitor currently owned by a thread: None

Heap address: 0x00000000fe400000, size: 28 MB, Compressed Oops mode: 32-bit
Narrow klass base: 0x0000000000000000, Narrow klass shift: 3
Compressed class space size: 1073741824 Address: 0x0000000100000000

Heap:
 garbage-first heap   total 28672K, used 5048K [0x00000000fe400000, 0x0000000100000000)
  region size 1024K, 4 young (4096K), 2 survivors (2048K)
 Metaspace       used 11830K, capacity 12058K, committed 12160K, reserved 1060864K
  class space    used 1250K, capacity 1327K, committed 1408K, reserved 1048576K
Heap Regions: E=young(eden), S=young(survivor), O=old, HS=humongous(starts), HC=humongous(continues), CS=collection set, F=free, A=archive, TAMS=top-at-mark-start (previous, next)
|   0|0x00000000fe400000, 0x00000000fe400000, 0x00000000fe500000|  0%| F|  |TAMS 0x00000000fe400000, 0x00000000fe400000| Untracked 
|   1|0x00000000fe500000, 0x00000000fe500000, 0x00000000fe600000|  0%| F|  |TAMS 0x00000000fe500000, 0x00000000fe500000| Untracked 
|   2|0x00000000fe600000, 0x00000000fe700000, 0x00000000fe700000|100%|HS|  |TAMS 0x00000000fe600000, 0x00000000fe600000| Complete 
|   3|0x00000000fe700000, 0x00000000fe800000, 0x00000000fe800000|100%|HC|  |TAMS 0x00000000fe700000, 0x00000000fe700000| Complete 
|   4|0x00000000fe800000, 0x00000000fe800000, 0x00000000fe900000|  0%| F|  |TAMS 0x00000000fe800000, 0x00000000fe800000| Untracked 
|   5|0x00000000fe900000, 0x00000000fe900000, 0x00000000fea00000|  0%| F|  |TAMS 0x00000000fe900000, 0x00000000fe900000| Untracked 
|   6|0x00000000fea00000, 0x00000000fea00000, 0x00000000feb00000|  0%| F|  |TAMS 0x00000000fea00000, 0x00000000fea00000| Untracked 
|   7|0x00000000feb00000, 0x00000000feb00000, 0x00000000fec00000|  0%| F|  |TAMS 0x00000000feb00000, 0x00000000feb00000| Untracked 
|   8|0x00000000fec00000, 0x00000000fec00000, 0x00000000fed00000|  0%| F|  |TAMS 0x00000000fec00000, 0x00000000fec00000| Untracked 
|   9|0x00000000fed00000, 0x00000000fed00000, 0x00000000fee00000|  0%| F|  |TAMS 0x00000000fed00000, 0x00000000fed00000| Untracked 
|  10|0x00000000fee00000, 0x00000000fee00000, 0x00000000fef00000|  0%| F|  |TAMS 0x00000000fee00000, 0x00000000fee00000| Untracked 
|  11|0x00000000fef00000, 0x00000000fef00000, 0x00000000ff000000|  0%| F|  |TAMS 0x00000000fef00000, 0x00000000fef00000| Untracked 
|  12|0x00000000ff000000, 0x00000000ff000000, 0x00000000ff100000|  0%| F|  |TAMS 0x00000000ff000000, 0x00000000ff000000| Untracked 
|  13|0x00000000ff100000, 0x00000000ff1ee070, 0x00000000ff200000| 92%| S|CS|TAMS 0x00000000ff100000, 0x00000000ff100000| Complete 
|  14|0x00000000ff200000, 0x00000000ff300000, 0x00000000ff300000|100%| S|CS|TAMS 0x00000000ff200000, 0x00000000ff200000| Complete 
|  15|0x00000000ff300000, 0x00000000ff300000, 0x00000000ff400000|  0%| F|  |TAMS 0x00000000ff300000, 0x00000000ff300000| Untracked 
|  16|0x00000000ff400000, 0x00000000ff400000, 0x00000000ff500000|  0%| F|  |TAMS 0x00000000ff400000, 0x00000000ff400000| Untracked 
|  17|0x00000000ff500000, 0x00000000ff500000, 0x00000000ff600000|  0%| F|  |TAMS 0x00000000ff500000, 0x00000000ff500000| Untracked 
|  18|0x00000000ff600000, 0x00000000ff600000, 0x00000000ff700000|  0%| F|  |TAMS 0x00000000ff600000, 0x00000000ff600000| Untracked 
|  19|0x00000000ff700000, 0x00000000ff700000, 0x00000000ff800000|  0%| F|  |TAMS 0x00000000ff700000, 0x00000000ff700000| Untracked 
|  20|0x00000000ff800000, 0x00000000ff800000, 0x00000000ff900000|  0%| F|  |TAMS 0x00000000ff800000, 0x00000000ff800000| Untracked 
|  21|0x00000000ff900000, 0x00000000ff900000, 0x00000000ffa00000|  0%| F|  |TAMS 0x00000000ff900000, 0x00000000ff900000| Untracked 
|  22|0x00000000ffa00000, 0x00000000ffa00000, 0x00000000ffb00000|  0%| F|  |TAMS 0x00000000ffa00000, 0x00000000ffa00000| Untracked 
|  23|0x00000000ffb00000, 0x00000000ffb00000, 0x00000000ffc00000|  0%| F|  |TAMS 0x00000000ffb00000, 0x00000000ffb00000| Untracked 
|  24|0x00000000ffc00000, 0x00000000ffc00000, 0x00000000ffd00000|  0%| F|  |TAMS 0x00000000ffc00000, 0x00000000ffc00000| Untracked 
|  25|0x00000000ffd00000, 0x00000000ffd00000, 0x00000000ffe00000|  0%| F|  |TAMS 0x00000000ffd00000, 0x00000000ffd00000| Untracked 
|  26|0x00000000ffe00000, 0x00000000ffe3df18, 0x00000000fff00000| 24%| E|  |TAMS 0x00000000ffe00000, 0x00000000ffe00000| Complete 
|  27|0x00000000fff00000, 0x0000000100000000, 0x0000000100000000|100%| E|CS|TAMS 0x00000000fff00000, 0x00000000fff00000| Complete 

Card table byte_map: [0x000001f9727a0000,0x000001f9727b0000] _byte_map_base: 0x000001f971fae000

Marking Bits (Prev, Next): (CMBitMap*) 0x000001f97289dd18, (CMBitMap*) 0x000001f97289dd50
 Prev Bits: [0x000001f9727c0000, 0x000001f972830000)
 Next Bits: [0x000001f97a250000, 0x000001f97a2c0000)

Polling page: 0x000001f972030000

Metaspace:

Usage:
  Non-class:     10.48 MB capacity,    10.34 MB ( 99%) used,   121.16 KB (  1%) free+waste,    23.63 KB ( <1%) overhead. 
      Class:      1.33 MB capacity,     1.22 MB ( 92%) used,    92.58 KB (  7%) free+waste,    12.06 KB ( <1%) overhead. 
       Both:     11.81 MB capacity,    11.56 MB ( 98%) used,   213.73 KB (  2%) free+waste,    35.69 KB ( <1%) overhead. 

Virtual space:
  Non-class space:       12.00 MB reserved,      10.50 MB ( 88%) committed 
      Class space:        1.00 GB reserved,       1.38 MB ( <1%) committed 
             Both:        1.01 GB reserved,      11.88 MB (  1%) committed 

Chunk freelists:
   Non-Class:  2.63 KB
       Class:  2.13 KB
        Both:  4.75 KB

CodeHeap 'non-profiled nmethods': size=120000Kb used=229Kb max_used=229Kb free=119770Kb
 bounds [0x000001f907ad0000, 0x000001f907d40000, 0x000001f90f000000]
CodeHeap 'profiled nmethods': size=120000Kb used=1565Kb max_used=1565Kb free=118434Kb
 bounds [0x000001f9005a0000, 0x000001f900810000, 0x000001f907ad0000]
CodeHeap 'non-nmethods': size=5760Kb used=1092Kb max_used=1104Kb free=4667Kb
 bounds [0x000001f900000000, 0x000001f900270000, 0x000001f9005a0000]
 total_blobs=1308 nmethods=923 adapters=297
 compilation: enabled
              stopped_count=0, restarted_count=0
 full_count=0

Compilation events (10 events):
Event: 1.164 Thread 0x000001f97cd39800 nmethod 828 0x000001f9006fcf10 code [0x000001f9006fd200, 0x000001f9006fe6e8]
Event: 1.164 Thread 0x000001f97cd39800  829       3       jdk.internal.org.objectweb.asm.Frame::type (416 bytes)
Event: 1.170 Thread 0x000001f97cd39800 nmethod 829 0x000001f9006feb90 code [0x000001f9006fef80, 0x000001f900700f98]
Event: 1.181 Thread 0x000001f97cd39800  832       3       java.lang.invoke.InvokerBytecodeGenerator::getInternalName (98 bytes)
Event: 1.182 Thread 0x000001f97cd39800 nmethod 832 0x000001f900701a90 code [0x000001f900701c80, 0x000001f900702138]
Event: 1.183 Thread 0x000001f97cd39800  831       3       java.lang.AbstractStringBuilder::checkRange (60 bytes)
Event: 1.184 Thread 0x000001f97cd39800 nmethod 831 0x000001f900702290 code [0x000001f900702540, 0x000001f9007030b8]
Event: 1.184 Thread 0x000001f97cd39800  833       3       java.lang.invoke.MemberName::isMethod (7 bytes)
Event: 1.185 Thread 0x000001f97cd39800 nmethod 833 0x000001f900703510 code [0x000001f9007036c0, 0x000001f9007038f8]
Event: 1.185 Thread 0x000001f97cd39800  836   !   3       java.lang.invoke.MemberName$Factory::resolve (157 bytes)

GC Heap History (2 events):
Event: 1.170 GC heap before
{Heap before GC invocations=0 (full 0):
 garbage-first heap   total 28672K, used 17408K [0x00000000fe400000, 0x0000000100000000)
  region size 1024K, 13 young (13312K), 0 survivors (0K)
 Metaspace       used 11622K, capacity 11917K, committed 12160K, reserved 1060864K
  class space    used 1214K, capacity 1299K, committed 1408K, reserved 1048576K
}
Event: 1.181 GC heap after
{Heap after GC invocations=1 (full 0):
 garbage-first heap   total 28672K, used 4024K [0x00000000fe400000, 0x0000000100000000)
  region size 1024K, 2 young (2048K), 2 survivors (2048K)
 Metaspace       used 11622K, capacity 11917K, committed 12160K, reserved 1060864K
  class space    used 1214K, capacity 1299K, committed 1408K, reserved 1048576K
}

Deoptimization events (1 events):
Event: 0.098 Thread 0x000001f972883800 Uncommon trap: reason=unstable_if action=reinterpret pc=0x000001f907ad3f10 method=java.lang.String.hashCode()I @ 14 c2

Classes redefined (0 events):
No events

Internal exceptions (8 events):
Event: 0.386 Thread 0x000001f972883800 Exception <a 'java/lang/NoClassDefFoundError'{0x00000000ffccea58}: org/slf4j/impl/StaticLoggerBinder> (0x00000000ffccea58) thrown at [./open/src/hotspot/share/classfile/systemDictionary.cpp, line 215]
Event: 0.394 Thread 0x000001f972883800 Exception <a 'java/lang/NoSuchMethodError'{0x00000000ffcdc8a8}: java.lang.invoke.DirectMethodHandle$Holder.invokeStaticInit(Ljava/lang/Object;Ljava/lang/Object;Ljava/lang/Object;)V> (0x00000000ffcdc8a8) thrown at [./open/src/hotspot/share/interpreter/link
Event: 0.761 Thread 0x000001f972883800 Exception <a 'java/lang/NoSuchMethodError'{0x00000000ff8134d0}: java.lang.invoke.DirectMethodHandle$Holder.invokeStaticInit(Ljava/lang/Object;Ljava/lang/Object;Ljava/lang/Object;Ljava/lang/Object;)V> (0x00000000ff8134d0) thrown at [./open/src/hotspot/shar
Event: 0.963 Thread 0x000001f972883800 Exception <a 'java/lang/NoSuchMethodError'{0x00000000ff69d170}: java.lang.invoke.DirectMethodHandle$Holder.invokeSpecial(Ljava/lang/Object;Ljava/lang/Object;Ljava/lang/Object;Ljava/lang/Object;Ljava/lang/Object;Ljava/lang/Object;Ljava/lang/Object;Ljava/la
Event: 0.965 Thread 0x000001f972883800 Exception <a 'java/lang/NoSuchMethodError'{0x00000000ff6a9468}: java.lang.invoke.DirectMethodHandle$Holder.invokeSpecial(Ljava/lang/Object;Ljava/lang/Object;Ljava/lang/Object;Ljava/lang/Object;Ljava/lang/Object;Ljava/lang/Object;Ljava/lang/Object;Ljava/la
Event: 0.966 Thread 0x000001f972883800 Exception <a 'java/lang/NoSuchMethodError'{0x00000000ff6adaf0}: java.lang.invoke.Invokers$Holder.linkToTargetMethod(Ljava/lang/Object;Ljava/lang/Object;Ljava/lang/Object;Ljava/lang/Object;Ljava/lang/Object;Ljava/lang/Object;Ljava/lang/Object;Ljava/lang/Ob
Event: 1.000 Thread 0x000001f972883800 Exception <a 'java/lang/NoSuchMethodError'{0x00000000ff5a4440}: java.lang.invoke.DirectMethodHandle$Holder.invokeInterface(Ljava/lang/Object;Ljava/lang/Object;Ljava/lang/Object;)Ljava/lang/Object;> (0x00000000ff5a4440) thrown at [./open/src/hotspot/share/
Event: 1.019 Thread 0x000001f972883800 Exception <a 'java/lang/NoSuchMethodError'{0x00000000ff5dccf8}: java.lang.invoke.DirectMethodHandle$Holder.invokeSpecialIFC(Ljava/lang/Object;Ljava/lang/Object;I)I> (0x00000000ff5dccf8) thrown at [./open/src/hotspot/share/interpreter/linkResolver.cpp, lin

Events (10 events):
Event: 1.170 Executing VM operation: G1CollectForAllocation
Event: 1.181 Executing VM operation: G1CollectForAllocation done
Event: 1.181 Executing VM operation: RevokeBias
Event: 1.181 Executing VM operation: RevokeBias done
Event: 1.181 Executing VM operation: RevokeBias
Event: 1.182 Executing VM operation: RevokeBias done
Event: 1.182 Executing VM operation: RevokeBias
Event: 1.182 Executing VM operation: RevokeBias done
Event: 1.183 Executing VM operation: RevokeBias
Event: 1.183 Executing VM operation: RevokeBias done


Dynamic libraries:
0x00007ff7a7c20000 - 0x00007ff7a7c2f000 	C:\Program Files\Java\jdk-11.0.17\bin\java.exe
0x00007ffdb00d0000 - 0x00007ffdb02e7000 	C:\WINDOWS\SYSTEM32\ntdll.dll
0x00007ffdae8f0000 - 0x00007ffdae9b4000 	C:\WINDOWS\System32\KERNEL32.DLL
0x00007ffdad770000 - 0x00007ffdadb17000 	C:\WINDOWS\System32\KERNELBASE.dll
0x000000005fa00000 - 0x000000005fd32000 	C:\Program Files\Norton Security\NortonData\22.23.3.8\Definitions\IPSDefs\20240606.064\IPSEng64.dll
0x00007ffdae9c0000 - 0x00007ffdaea72000 	C:\WINDOWS\System32\ADVAPI32.dll
0x00007ffdae000000 - 0x00007ffdae0a7000 	C:\WINDOWS\System32\msvcrt.dll
0x00007ffdafa90000 - 0x00007ffdafb38000 	C:\WINDOWS\System32\sechost.dll
0x00007ffdadc10000 - 0x00007ffdadc38000 	C:\WINDOWS\System32\bcrypt.dll
0x00007ffdade00000 - 0x00007ffdadf15000 	C:\WINDOWS\System32\RPCRT4.dll
0x00007ffdae340000 - 0x00007ffdae348000 	C:\WINDOWS\System32\PSAPI.DLL
0x00007ffdad650000 - 0x00007ffdad761000 	C:\WINDOWS\System32\ucrtbase.dll
0x00007ffd792c0000 - 0x00007ffd792d5000 	C:\Program Files\Java\jdk-11.0.17\bin\VCRUNTIME140.dll
0x00007ffd792a0000 - 0x00007ffd792b8000 	C:\Program Files\Java\jdk-11.0.17\bin\jli.dll
0x00007ffdaeb10000 - 0x00007ffdaecbe000 	C:\WINDOWS\System32\USER32.dll
0x00007ffdadbe0000 - 0x00007ffdadc06000 	C:\WINDOWS\System32\win32u.dll
0x00007ffdae140000 - 0x00007ffdae169000 	C:\WINDOWS\System32\GDI32.dll
0x00007ffd92b30000 - 0x00007ffd92dc3000 	C:\WINDOWS\WinSxS\amd64_microsoft.windows.common-controls_6595b64144ccf1df_6.0.22621.3527_none_270e469b73872a76\COMCTL32.dll
0x00007ffdadce0000 - 0x00007ffdaddf9000 	C:\WINDOWS\System32\gdi32full.dll
0x00007ffdadc40000 - 0x00007ffdadcda000 	C:\WINDOWS\System32\msvcp_win.dll
0x00007ffd9b980000 - 0x00007ffd9b98a000 	C:\WINDOWS\SYSTEM32\VERSION.dll
0x00007ffdae170000 - 0x00007ffdae1a1000 	C:\WINDOWS\System32\IMM32.DLL
0x00007ffd312a0000 - 0x00007ffd3133b000 	C:\Program Files\Java\jdk-11.0.17\bin\msvcp140.dll
0x00007ffd11e70000 - 0x00007ffd1298a000 	C:\Program Files\Java\jdk-11.0.17\bin\server\jvm.dll
0x00007ffd88cc0000 - 0x00007ffd88cc9000 	C:\WINDOWS\SYSTEM32\WSOCK32.dll
0x00007ffd94270000 - 0x00007ffd942a4000 	C:\WINDOWS\SYSTEM32\WINMM.dll
0x00007ffdaea80000 - 0x00007ffdaeaf1000 	C:\WINDOWS\System32\WS2_32.dll
0x00007ffdac3e0000 - 0x00007ffdac3f8000 	C:\WINDOWS\SYSTEM32\kernel.appcore.dll
0x00007ffd8c4a0000 - 0x00007ffd8c4b0000 	C:\Program Files\Java\jdk-11.0.17\bin\verify.dll
0x00007ffdaaa50000 - 0x00007ffdaac82000 	C:\WINDOWS\SYSTEM32\DBGHELP.DLL
0x00007ffdafd00000 - 0x00007ffdb0088000 	C:\WINDOWS\System32\combase.dll
0x00007ffdadf20000 - 0x00007ffdadff7000 	C:\WINDOWS\System32\OLEAUT32.dll
0x00007ffd9b2e0000 - 0x00007ffd9b312000 	C:\WINDOWS\SYSTEM32\dbgcore.DLL
0x00007ffdad560000 - 0x00007ffdad5d9000 	C:\WINDOWS\System32\bcryptPrimitives.dll
0x00007ffd64820000 - 0x00007ffd64848000 	C:\Program Files\Java\jdk-11.0.17\bin\java.dll
0x00007ffd64700000 - 0x00007ffd6470a000 	C:\Program Files\Java\jdk-11.0.17\bin\jimage.dll
0x00007ffd646e0000 - 0x00007ffd646f6000 	C:\Program Files\Java\jdk-11.0.17\bin\zip.dll
0x00007ffdaef70000 - 0x00007ffdaf7cc000 	C:\WINDOWS\System32\SHELL32.dll
0x00007ffdab2e0000 - 0x00007ffdabbd6000 	C:\WINDOWS\SYSTEM32\windows.storage.dll
0x00007ffdab1a0000 - 0x00007ffdab2de000 	C:\WINDOWS\SYSTEM32\wintypes.dll
0x00007ffdae350000 - 0x00007ffdae445000 	C:\WINDOWS\System32\SHCORE.dll
0x00007ffdafa30000 - 0x00007ffdafa8e000 	C:\WINDOWS\System32\shlwapi.dll
0x00007ffdad320000 - 0x00007ffdad341000 	C:\WINDOWS\SYSTEM32\profapi.dll
0x00007ffd5f2d0000 - 0x00007ffd5f2e9000 	C:\Program Files\Java\jdk-11.0.17\bin\net.dll
0x00007ffda67f0000 - 0x00007ffda6926000 	C:\WINDOWS\SYSTEM32\WINHTTP.dll
0x00007ffdac860000 - 0x00007ffdac8c9000 	C:\WINDOWS\system32\mswsock.dll
0x00007ffd5f2b0000 - 0x00007ffd5f2c2000 	C:\Program Files\Java\jdk-11.0.17\bin\nio.dll

dbghelp: loaded successfully - version: 4.0.5 - missing functions: none
symbol engine: initialized successfully - sym options: 0x614 - pdb path: .;C:\Program Files\Java\jdk-11.0.17\bin;C:\WINDOWS\SYSTEM32;C:\Program Files\Norton Security\NortonData\22.23.3.8\Definitions\IPSDefs\20240606.064;C:\WINDOWS\WinSxS\amd64_microsoft.windows.common-controls_6595b64144ccf1df_6.0.22621.3527_none_270e469b73872a76;C:\Program Files\Java\jdk-11.0.17\bin\server

VM Arguments:
jvm_args: -Xmx25m -Xmx27m 
java_command: .\owl2spass\target\owl2spass-0.1-SNAPSHOT-jar-with-dependencies.jar D:\University\Year 3\Thesis\Bachelor Thesis\code\datasets\xao.xenopus-anatomy-and-development-ontology.24.owl.xml spass.owl just_based
java_class_path (initial): .\owl2spass\target\owl2spass-0.1-SNAPSHOT-jar-with-dependencies.jar
Launcher Type: SUN_STANDARD

[Global flags]
     intx CICompilerCount                          = 4                                         {product} {ergonomic}
     uint ConcGCThreads                            = 2                                         {product} {ergonomic}
     uint G1ConcRefinementThreads                  = 8                                         {product} {ergonomic}
   size_t G1HeapRegionSize                         = 1048576                                   {product} {ergonomic}
    uintx GCDrainStackTargetSize                   = 64                                        {product} {ergonomic}
   size_t InitialHeapSize                          = 29360128                                  {product} {ergonomic}
   size_t MarkStackSize                            = 4194304                                   {product} {ergonomic}
   size_t MaxHeapSize                              = 29360128                                  {product} {command line, ergonomic}
   size_t MaxNewSize                               = 16777216                                  {product} {ergonomic}
   size_t MinHeapDeltaBytes                        = 1048576                                   {product} {ergonomic}
    uintx NonNMethodCodeHeapSize                   = 5836300                                {pd product} {ergonomic}
    uintx NonProfiledCodeHeapSize                  = 122910970                              {pd product} {ergonomic}
    uintx ProfiledCodeHeapSize                     = 122910970                              {pd product} {ergonomic}
    uintx ReservedCodeCacheSize                    = 251658240                              {pd product} {ergonomic}
     bool SegmentedCodeCache                       = true                                      {product} {ergonomic}
     bool UseCompressedClassPointers               = true                                 {lp64_product} {ergonomic}
     bool UseCompressedOops                        = true                                 {lp64_product} {ergonomic}
     bool UseG1GC                                  = true                                      {product} {ergonomic}
     bool UseLargePagesIndividualAllocation        = false                                  {pd product} {ergonomic}

Logging:
Log output configuration:
 #0: stdout all=warning uptime,level,tags
 #1: stderr all=off uptime,level,tags

Environment Variables:
JAVA_HOME=C:\Users\Hari\Downloads\jdk-11.0.21
PATH=C:\Users\Hari\AppData\Roaming\Python\Python37\site-packages\pywin32_system32;C:\Program Files\Common Files\Oracle\Java\javapath;C:\Users\Hari\PycharmProjects\pythonProject\venv\Scripts\python.exe;C:\TDM-GCC-64\bin;C:\Program Files (x86)\Git\cmd;C:\Program Files\Git LFS;C:\Program Files\Pandoc\;C:\Program Files (x86)\Pandoc\;C:\WINDOWS\system32;C:\WINDOWS;C:\WINDOWS\System32\Wbem;C:\WINDOWS\System32\WindowsPowerShell\v1.0\;C:\WINDOWS\System32\OpenSSH\;C:\Program Files\HP\HP One Agent;C:\Users\Hari\Downloads\apache-maven-3.9.6\bin;C:\Program Files\Git\cmd;C:\Users\Hari\AppData\Local\Programs\Python\Python36\Scripts\;C:\Users\Hari\AppData\Local\Programs\Python\Python36\;C:\Users\Hari\AppData\Local\Programs\Python\Python37\Scripts\;C:\Users\Hari\AppData\Local\Programs\Python\Python37\;C:\Users\Hari\AppData\Local\Programs\Microsoft VS Code\bin;C:\MinGW\bin;C:\Program Files\JetBrains\PyCharm Community Edition 2022.3.2\bin;;C:\ProgramData\Hari\GitHubDesktop\bin;C:\Users\Hari\AppData\Local\Microsoft\WindowsApps;C:\Users\Hari\AppData\Local\GitHubDesktop\bin
USERNAME=Hari
OS=Windows_NT
PROCESSOR_IDENTIFIER=Intel64 Family 6 Model 140 Stepping 1, GenuineIntel



---------------  S Y S T E M  ---------------

OS: Windows 11 , 64 bit Build 22621 (10.0.22621.3527)
Hyper-V role detected

CPU:total 8 (initial active 8) (4 cores per cpu, 2 threads per core) family 6 model 140 stepping 1 microcode 0xa4, cmov, cx8, fxsr, mmx, sse, sse2, sse3, ssse3, sse4.1, sse4.2, popcnt, avx, avx2, aes, clmul, erms, 3dnowpref, lzcnt, ht, tsc, tscinvbit, bmi1, bmi2, adx, evex, sha, fma

Memory: 4k page, system-wide physical 16145M (622M free)
TotalPageFile size 40145M (AvailPageFile size 4M)
current process WorkingSet (physical memory assigned to process): 63M, peak: 63M
current process commit charge ("private bytes"): 113M, peak: 113M

vm_info: Java HotSpot(TM) 64-Bit Server VM (11.0.17+10-LTS-269) for windows-amd64 JRE (11.0.17+10-LTS-269), built on Sep 13 2022 19:26:37 by "mach5one" with MS VC++ 15.9 (VS2017)

END.
